<?xml version="1.0" encoding="UTF-8"?>
<testsuite xmlns:xsi="http://www.w3.org/2001/XMLSchema-instance" xsi:noNamespaceSchemaLocation="https://maven.apache.org/surefire/maven-surefire-plugin/xsd/surefire-test-report-3.0.xsd" version="3.0" name="runner.RunCucumberTest" time="53.577" tests="27" errors="4" skipped="4" failures="0">
  <properties>
[...]
</properties>
  <testcase name="Dado que estou na página de cadastro" classname="Cenário: Cadastro bem-sucedido com informações válidas" time="0.002">
    <system-err><![CDATA[Starting ChromeDriver 115.0.5790.170 (cc0d30c2ca5577520c8646671513241faa0bc105-refs/branch-heads/5790@{#1923}) on port 15261
Only local connections are allowed.
Please see https://chromedriver.chromium.org/security-considerations for suggestions on keeping ChromeDriver safe.
ChromeDriver was started successfully.
[1693405397.693][WARNING]: This version of ChromeDriver has not been tested with Chrome version 116.
ago 30, 2023 11:23:18 AM org.openqa.selenium.remote.ProtocolHandshake createSession
INFORMAÇÕES: Detected dialect: W3C
]]></system-err>
  </testcase>
  <testcase name="Quando preencho o formulário de cadastro com informações válidas" classname="Cenário: Cadastro bem-sucedido com informações válidas" time="0">
    <system-out><![CDATA[Vai preencher o campo: By.id: user
Preencheu o campo: By.id: user
####################
Vai preencher o campo: By.id: email
Preencheu o campo: By.id: email
####################
Vai preencher o campo: By.id: password
Preencheu o campo: By.id: password
####################
]]></system-out>
  </testcase>
  <testcase name="E clico no botão de cadastro" classname="Cenário: Cadastro bem-sucedido com informações válidas" time="0">
    <error message="no such element: Unable to locate element: {&quot;method&quot;:&quot;css selector&quot;,&quot;selector&quot;:&quot;#btnRegister&quot;}&#10;  (Session info: headless chrome=116.0.5845.111)&#10;For documentation on this error, please visit: https://www.seleniumhq.org/exceptions/no_such_element.html&#10;Build info: version: &apos;3.141.59&apos;, revision: &apos;e82be7d358&apos;, time: &apos;2018-11-14T08:17:03&apos;&#10;System info: host: &apos;LYON&apos;, ip: &apos;192.168.0.104&apos;, os.name: &apos;Windows 8.1&apos;, os.arch: &apos;amd64&apos;, os.version: &apos;6.3&apos;, java.version: &apos;1.8.0&apos;&#10;Driver info: org.openqa.selenium.chrome.ChromeDriver&#10;Capabilities {acceptInsecureCerts: false, browserName: chrome, browserVersion: 116.0.5845.111, chrome: {chromedriverVersion: 115.0.5790.170 (cc0d30c2ca5..., userDataDir: C:\Users\thiag\AppData\Loca...}, goog:chromeOptions: {debuggerAddress: localhost:58938}, javascriptEnabled: true, networkConnectionEnabled: false, pageLoadStrategy: normal, platform: WINDOWS, platformName: WINDOWS, proxy: Proxy(), setWindowRect: true, strictFileInteractability: false, timeouts: {implicit: 0, pageLoad: 300000, script: 30000}, unhandledPromptBehavior: dismiss and notify, webauthn:extension:credBlob: true, webauthn:extension:largeBlob: true, webauthn:extension:minPinLength: true, webauthn:extension:prf: true, webauthn:virtualAuthenticators: true}&#10;Session ID: 76bf04155d4883e87f1af5fd4494439c&#10;*** Element info: {Using=id, value=btnRegister}" type="org.openqa.selenium.NoSuchElementException"><![CDATA[org.openqa.selenium.NoSuchElementException: 
no such element: Unable to locate element: {"method":"css selector","selector":"#btnRegister"}
  (Session info: headless chrome=116.0.5845.111)
For documentation on this error, please visit: https://www.seleniumhq.org/exceptions/no_such_element.html
Build info: version: '3.141.59', revision: 'e82be7d358', time: '2018-11-14T08:17:03'
System info: host: 'LYON', ip: '192.168.0.104', os.name: 'Windows 8.1', os.arch: 'amd64', os.version: '6.3', java.version: '1.8.0'
Driver info: org.openqa.selenium.chrome.ChromeDriver
Capabilities {acceptInsecureCerts: false, browserName: chrome, browserVersion: 116.0.5845.111, chrome: {chromedriverVersion: 115.0.5790.170 (cc0d30c2ca5..., userDataDir: C:\Users\thiag\AppData\Loca...}, goog:chromeOptions: {debuggerAddress: localhost:58938}, javascriptEnabled: true, networkConnectionEnabled: false, pageLoadStrategy: normal, platform: WINDOWS, platformName: WINDOWS, proxy: Proxy(), setWindowRect: true, strictFileInteractability: false, timeouts: {implicit: 0, pageLoad: 300000, script: 30000}, unhandledPromptBehavior: dismiss and notify, webauthn:extension:credBlob: true, webauthn:extension:largeBlob: true, webauthn:extension:minPinLength: true, webauthn:extension:prf: true, webauthn:virtualAuthenticators: true}
Session ID: 76bf04155d4883e87f1af5fd4494439c
*** Element info: {Using=id, value=btnRegister}
]]></error>
    <system-err><![CDATA[Starting ChromeDriver 115.0.5790.170 (cc0d30c2ca5577520c8646671513241faa0bc105-refs/branch-heads/5790@{#1923}) on port 13565
Only local connections are allowed.
Please see https://chromedriver.chromium.org/security-considerations for suggestions on keeping ChromeDriver safe.
ChromeDriver was started successfully.
[1693405401.717][WARNING]: This version of ChromeDriver has not been tested with Chrome version 116.
ago 30, 2023 11:23:21 AM org.openqa.selenium.remote.ProtocolHandshake createSession
INFORMAÇÕES: Detected dialect: W3C
]]></system-err>
  </testcase>
  <testcase name="" classname="Cenário: Cadastro bem-sucedido com informações válidas" time="0">
    <error message="no such element: Unable to locate element: {&quot;method&quot;:&quot;css selector&quot;,&quot;selector&quot;:&quot;#btnRegister&quot;}&#10;  (Session info: headless chrome=116.0.5845.111)&#10;For documentation on this error, please visit: https://www.seleniumhq.org/exceptions/no_such_element.html&#10;Build info: version: &apos;3.141.59&apos;, revision: &apos;e82be7d358&apos;, time: &apos;2018-11-14T08:17:03&apos;&#10;System info: host: &apos;LYON&apos;, ip: &apos;192.168.0.104&apos;, os.name: &apos;Windows 8.1&apos;, os.arch: &apos;amd64&apos;, os.version: &apos;6.3&apos;, java.version: &apos;1.8.0&apos;&#10;Driver info: org.openqa.selenium.chrome.ChromeDriver&#10;Capabilities {acceptInsecureCerts: false, browserName: chrome, browserVersion: 116.0.5845.111, chrome: {chromedriverVersion: 115.0.5790.170 (cc0d30c2ca5..., userDataDir: C:\Users\thiag\AppData\Loca...}, goog:chromeOptions: {debuggerAddress: localhost:58938}, javascriptEnabled: true, networkConnectionEnabled: false, pageLoadStrategy: normal, platform: WINDOWS, platformName: WINDOWS, proxy: Proxy(), setWindowRect: true, strictFileInteractability: false, timeouts: {implicit: 0, pageLoad: 300000, script: 30000}, unhandledPromptBehavior: dismiss and notify, webauthn:extension:credBlob: true, webauthn:extension:largeBlob: true, webauthn:extension:minPinLength: true, webauthn:extension:prf: true, webauthn:virtualAuthenticators: true}&#10;Session ID: 76bf04155d4883e87f1af5fd4494439c&#10;*** Element info: {Using=id, value=btnRegister}" type="org.openqa.selenium.NoSuchElementException"><![CDATA[org.openqa.selenium.NoSuchElementException: 
no such element: Unable to locate element: {"method":"css selector","selector":"#btnRegister"}
  (Session info: headless chrome=116.0.5845.111)
For documentation on this error, please visit: https://www.seleniumhq.org/exceptions/no_such_element.html
Build info: version: '3.141.59', revision: 'e82be7d358', time: '2018-11-14T08:17:03'
System info: host: 'LYON', ip: '192.168.0.104', os.name: 'Windows 8.1', os.arch: 'amd64', os.version: '6.3', java.version: '1.8.0'
Driver info: org.openqa.selenium.chrome.ChromeDriver
Capabilities {acceptInsecureCerts: false, browserName: chrome, browserVersion: 116.0.5845.111, chrome: {chromedriverVersion: 115.0.5790.170 (cc0d30c2ca5..., userDataDir: C:\Users\thiag\AppData\Loca...}, goog:chromeOptions: {debuggerAddress: localhost:58938}, javascriptEnabled: true, networkConnectionEnabled: false, pageLoadStrategy: normal, platform: WINDOWS, platformName: WINDOWS, proxy: Proxy(), setWindowRect: true, strictFileInteractability: false, timeouts: {implicit: 0, pageLoad: 300000, script: 30000}, unhandledPromptBehavior: dismiss and notify, webauthn:extension:credBlob: true, webauthn:extension:largeBlob: true, webauthn:extension:minPinLength: true, webauthn:extension:prf: true, webauthn:virtualAuthenticators: true}
Session ID: 76bf04155d4883e87f1af5fd4494439c
*** Element info: {Using=id, value=btnRegister}
]]></error>
  </testcase>
  <testcase name="Então devo receber uma mensagem de confirmação" classname="Cenário: Cadastro bem-sucedido com informações válidas" time="0">
    <skipped/>
  </testcase>
  <testcase name="Dado que estou na pagina do painel" classname="Cenário: Atualizar os dados da minha conta" time="0">
    <system-out><![CDATA[************
Teste executado: Cadastro bem-sucedido com informações válidas
Status: failed
Tag: [@cadastro-sucesso, @cadastro-completo]
************
************
Teste executado: Cadastro bem-sucedido com informações válidas
Status: failed
Tag: [@cadastro-sucesso, @cadastro-completo]
************
************
Teste executado: Cadastro bem-sucedido com informações válidas
Status: failed
Tag: [@cadastro-sucesso, @cadastro-completo]
************
####################
Vai clicar no elemento: By.cssSelector: a.active
Clicou no elemento: By.cssSelector: a.active
####################
]]></system-out>
    <system-err><![CDATA[Starting ChromeDriver 115.0.5790.170 (cc0d30c2ca5577520c8646671513241faa0bc105-refs/branch-heads/5790@{#1923}) on port 27162
Only local connections are allowed.
Please see https://chromedriver.chromium.org/security-considerations for suggestions on keeping ChromeDriver safe.
ChromeDriver was started successfully.
[1693405418.809][WARNING]: This version of ChromeDriver has not been tested with Chrome version 116.
ago 30, 2023 11:23:38 AM org.openqa.selenium.remote.ProtocolHandshake createSession
INFORMAÇÕES: Detected dialect: W3C
]]></system-err>
  </testcase>
  <testcase name="Quando acesso o menu ACCOUNT DETAILS" classname="Cenário: Atualizar os dados da minha conta" time="0">
    <system-out><![CDATA[Vai clicar no elemento: By.cssSelector: a[href^='/my-account/customer-account-details']
Clicou no elemento: By.cssSelector: a[href^='/my-account/customer-account-details']
####################
]]></system-out>
  </testcase>
  <testcase name="E acesso o menu UPDATE ACCOUNT" classname="Cenário: Atualizar os dados da minha conta" time="0">
    <error message="no such element: Unable to locate element: {&quot;method&quot;:&quot;css selector&quot;,&quot;selector&quot;:&quot;a.theme-btn-one.bg-black.btn_sm[href=&apos;/account-edit&apos;]&quot;}&#10;  (Session info: headless chrome=116.0.5845.111)&#10;For documentation on this error, please visit: https://www.seleniumhq.org/exceptions/no_such_element.html&#10;Build info: version: &apos;3.141.59&apos;, revision: &apos;e82be7d358&apos;, time: &apos;2018-11-14T08:17:03&apos;&#10;System info: host: &apos;LYON&apos;, ip: &apos;192.168.0.104&apos;, os.name: &apos;Windows 8.1&apos;, os.arch: &apos;amd64&apos;, os.version: &apos;6.3&apos;, java.version: &apos;1.8.0&apos;&#10;Driver info: org.openqa.selenium.chrome.ChromeDriver&#10;Capabilities {acceptInsecureCerts: false, browserName: chrome, browserVersion: 116.0.5845.111, chrome: {chromedriverVersion: 115.0.5790.170 (cc0d30c2ca5..., userDataDir: C:\Users\thiag\AppData\Loca...}, goog:chromeOptions: {debuggerAddress: localhost:58977}, javascriptEnabled: true, networkConnectionEnabled: false, pageLoadStrategy: normal, platform: WINDOWS, platformName: WINDOWS, proxy: Proxy(), setWindowRect: true, strictFileInteractability: false, timeouts: {implicit: 0, pageLoad: 300000, script: 30000}, unhandledPromptBehavior: dismiss and notify, webauthn:extension:credBlob: true, webauthn:extension:largeBlob: true, webauthn:extension:minPinLength: true, webauthn:extension:prf: true, webauthn:virtualAuthenticators: true}&#10;Session ID: f64964ef9b4446c415558bcef8052df8&#10;*** Element info: {Using=css selector, value=a.theme-btn-one.bg-black.btn_sm[href=&apos;/account-edit&apos;]}" type="org.openqa.selenium.NoSuchElementException"><![CDATA[org.openqa.selenium.NoSuchElementException: 
no such element: Unable to locate element: {"method":"css selector","selector":"a.theme-btn-one.bg-black.btn_sm[href='/account-edit']"}
  (Session info: headless chrome=116.0.5845.111)
For documentation on this error, please visit: https://www.seleniumhq.org/exceptions/no_such_element.html
Build info: version: '3.141.59', revision: 'e82be7d358', time: '2018-11-14T08:17:03'
System info: host: 'LYON', ip: '192.168.0.104', os.name: 'Windows 8.1', os.arch: 'amd64', os.version: '6.3', java.version: '1.8.0'
Driver info: org.openqa.selenium.chrome.ChromeDriver
Capabilities {acceptInsecureCerts: false, browserName: chrome, browserVersion: 116.0.5845.111, chrome: {chromedriverVersion: 115.0.5790.170 (cc0d30c2ca5..., userDataDir: C:\Users\thiag\AppData\Loca...}, goog:chromeOptions: {debuggerAddress: localhost:58977}, javascriptEnabled: true, networkConnectionEnabled: false, pageLoadStrategy: normal, platform: WINDOWS, platformName: WINDOWS, proxy: Proxy(), setWindowRect: true, strictFileInteractability: false, timeouts: {implicit: 0, pageLoad: 300000, script: 30000}, unhandledPromptBehavior: dismiss and notify, webauthn:extension:credBlob: true, webauthn:extension:largeBlob: true, webauthn:extension:minPinLength: true, webauthn:extension:prf: true, webauthn:virtualAuthenticators: true}
Session ID: f64964ef9b4446c415558bcef8052df8
*** Element info: {Using=css selector, value=a.theme-btn-one.bg-black.btn_sm[href='/account-edit']}
]]></error>
    <system-err><![CDATA[Starting ChromeDriver 115.0.5790.170 (cc0d30c2ca5577520c8646671513241faa0bc105-refs/branch-heads/5790@{#1923}) on port 1197
Only local connections are allowed.
Please see https://chromedriver.chromium.org/security-considerations for suggestions on keeping ChromeDriver safe.
ChromeDriver was started successfully.
[1693405421.553][WARNING]: This version of ChromeDriver has not been tested with Chrome version 116.
ago 30, 2023 11:23:41 AM org.openqa.selenium.remote.ProtocolHandshake createSession
INFORMAÇÕES: Detected dialect: W3C
]]></system-err>
  </testcase>
  <testcase name="" classname="Cenário: Atualizar os dados da minha conta" time="0">
    <error message="no such element: Unable to locate element: {&quot;method&quot;:&quot;css selector&quot;,&quot;selector&quot;:&quot;a.theme-btn-one.bg-black.btn_sm[href=&apos;/account-edit&apos;]&quot;}&#10;  (Session info: headless chrome=116.0.5845.111)&#10;For documentation on this error, please visit: https://www.seleniumhq.org/exceptions/no_such_element.html&#10;Build info: version: &apos;3.141.59&apos;, revision: &apos;e82be7d358&apos;, time: &apos;2018-11-14T08:17:03&apos;&#10;System info: host: &apos;LYON&apos;, ip: &apos;192.168.0.104&apos;, os.name: &apos;Windows 8.1&apos;, os.arch: &apos;amd64&apos;, os.version: &apos;6.3&apos;, java.version: &apos;1.8.0&apos;&#10;Driver info: org.openqa.selenium.chrome.ChromeDriver&#10;Capabilities {acceptInsecureCerts: false, browserName: chrome, browserVersion: 116.0.5845.111, chrome: {chromedriverVersion: 115.0.5790.170 (cc0d30c2ca5..., userDataDir: C:\Users\thiag\AppData\Loca...}, goog:chromeOptions: {debuggerAddress: localhost:58977}, javascriptEnabled: true, networkConnectionEnabled: false, pageLoadStrategy: normal, platform: WINDOWS, platformName: WINDOWS, proxy: Proxy(), setWindowRect: true, strictFileInteractability: false, timeouts: {implicit: 0, pageLoad: 300000, script: 30000}, unhandledPromptBehavior: dismiss and notify, webauthn:extension:credBlob: true, webauthn:extension:largeBlob: true, webauthn:extension:minPinLength: true, webauthn:extension:prf: true, webauthn:virtualAuthenticators: true}&#10;Session ID: f64964ef9b4446c415558bcef8052df8&#10;*** Element info: {Using=css selector, value=a.theme-btn-one.bg-black.btn_sm[href=&apos;/account-edit&apos;]}" type="org.openqa.selenium.NoSuchElementException"><![CDATA[org.openqa.selenium.NoSuchElementException: 
no such element: Unable to locate element: {"method":"css selector","selector":"a.theme-btn-one.bg-black.btn_sm[href='/account-edit']"}
  (Session info: headless chrome=116.0.5845.111)
For documentation on this error, please visit: https://www.seleniumhq.org/exceptions/no_such_element.html
Build info: version: '3.141.59', revision: 'e82be7d358', time: '2018-11-14T08:17:03'
System info: host: 'LYON', ip: '192.168.0.104', os.name: 'Windows 8.1', os.arch: 'amd64', os.version: '6.3', java.version: '1.8.0'
Driver info: org.openqa.selenium.chrome.ChromeDriver
Capabilities {acceptInsecureCerts: false, browserName: chrome, browserVersion: 116.0.5845.111, chrome: {chromedriverVersion: 115.0.5790.170 (cc0d30c2ca5..., userDataDir: C:\Users\thiag\AppData\Loca...}, goog:chromeOptions: {debuggerAddress: localhost:58977}, javascriptEnabled: true, networkConnectionEnabled: false, pageLoadStrategy: normal, platform: WINDOWS, platformName: WINDOWS, proxy: Proxy(), setWindowRect: true, strictFileInteractability: false, timeouts: {implicit: 0, pageLoad: 300000, script: 30000}, unhandledPromptBehavior: dismiss and notify, webauthn:extension:credBlob: true, webauthn:extension:largeBlob: true, webauthn:extension:minPinLength: true, webauthn:extension:prf: true, webauthn:virtualAuthenticators: true}
Session ID: f64964ef9b4446c415558bcef8052df8
*** Element info: {Using=css selector, value=a.theme-btn-one.bg-black.btn_sm[href='/account-edit']}
]]></error>
  </testcase>
  <testcase name="E preencho os dados corretamente" classname="Cenário: Atualizar os dados da minha conta" time="0">
    <skipped/>
  </testcase>
  <testcase name="E clico no botão UPDATE INFORMATION" classname="Cenário: Atualizar os dados da minha conta" time="0">
    <skipped/>
  </testcase>
  <testcase name="Entao a aplicacao deve ser redirecionada para a tela PROFILE" classname="Cenário: Atualizar os dados da minha conta" time="0">
    <skipped/>
  </testcase>
  <testcase name="Dado que estou na página de login" classname="Cenário: Login bem-sucedido com credenciais válidas" time="0">
    <system-out><![CDATA[************
Teste executado: Atualizar os dados da minha conta
Status: failed
Tag: [@cadastro-completo, @atualiza-perfil]
************
************
Teste executado: Atualizar os dados da minha conta
Status: failed
Tag: [@cadastro-completo, @atualiza-perfil]
************
************
Teste executado: Atualizar os dados da minha conta
Status: failed
Tag: [@cadastro-completo, @atualiza-perfil]
************
####################
]]></system-out>
    <system-err><![CDATA[Starting ChromeDriver 115.0.5790.170 (cc0d30c2ca5577520c8646671513241faa0bc105-refs/branch-heads/5790@{#1923}) on port 29428
Only local connections are allowed.
Please see https://chromedriver.chromium.org/security-considerations for suggestions on keeping ChromeDriver safe.
ChromeDriver was started successfully.
[1693405438.646][WARNING]: This version of ChromeDriver has not been tested with Chrome version 116.
ago 30, 2023 11:23:58 AM org.openqa.selenium.remote.ProtocolHandshake createSession
INFORMAÇÕES: Detected dialect: W3C
]]></system-err>
  </testcase>
  <testcase name="Quando preencho o login &quot;thiago@teste.com&quot; e a senha &quot;Lyon365&quot;" classname="Cenário: Login bem-sucedido com credenciais válidas" time="0">
    <system-out><![CDATA[Vai preencher o campo: By.id: user
Preencheu o campo: By.id: user
####################
Vai preencher o campo: By.id: password
Preencheu o campo: By.id: password
####################
]]></system-out>
  </testcase>
  <testcase name="E clico no botão de login" classname="Cenário: Login bem-sucedido com credenciais válidas" time="0">
    <system-out><![CDATA[Vai clicar no elemento: By.id: btnLogin
Clicou no elemento: By.id: btnLogin
####################
]]></system-out>
  </testcase>
  <testcase name="Então devo ser redirecionado para a página da minha conta" classname="Cenário: Login bem-sucedido com credenciais válidas" time="0">
    <system-out><![CDATA[####################
]]></system-out>
  </testcase>
  <testcase name="" classname="Cenário: Login bem-sucedido com credenciais válidas" time="0.001">
    <system-out><![CDATA[************
Teste executado: Login bem-sucedido com credenciais válidas
Status: passed
Tag: [@login-sucesso, @login]
************
************
Teste executado: Login bem-sucedido com credenciais válidas
Status: passed
Tag: [@login-sucesso, @login]
************
************
Teste executado: Login bem-sucedido com credenciais válidas
Status: passed
Tag: [@login-sucesso, @login]
************
]]></system-out>
  </testcase>
  <testcase name="Dado que estou na página de login" classname="| thiago.com | Lyon365 | E-mail inválido. |" time="0">
    <system-out><![CDATA[####################
]]></system-out>
    <system-err><![CDATA[Starting ChromeDriver 115.0.5790.170 (cc0d30c2ca5577520c8646671513241faa0bc105-refs/branch-heads/5790@{#1923}) on port 13816
Only local connections are allowed.
Please see https://chromedriver.chromium.org/security-considerations for suggestions on keeping ChromeDriver safe.
ChromeDriver was started successfully.
[1693405442.306][WARNING]: This version of ChromeDriver has not been tested with Chrome version 116.
ago 30, 2023 11:24:02 AM org.openqa.selenium.remote.ProtocolHandshake createSession
INFORMAÇÕES: Detected dialect: W3C
]]></system-err>
  </testcase>
  <testcase name="Quando preencho o login &quot;thiago.com&quot; e a senha &quot;Lyon365&quot;" classname="| thiago.com | Lyon365 | E-mail inválido. |" time="0">
    <system-out><![CDATA[Vai preencher o campo: By.id: user
Preencheu o campo: By.id: user
####################
Vai preencher o campo: By.id: password
Preencheu o campo: By.id: password
####################
]]></system-out>
  </testcase>
  <testcase name="E clico no botão de login" classname="| thiago.com | Lyon365 | E-mail inválido. |" time="0">
    <system-out><![CDATA[Vai clicar no elemento: By.id: btnLogin
Clicou no elemento: By.id: btnLogin
####################
]]></system-out>
  </testcase>
  <testcase name="Então a aplicacao deve exibir a mensagem &quot;E-mail inválido.&quot; na tela" classname="| thiago.com | Lyon365 | E-mail inválido. |" time="0">
    <system-out><![CDATA[####################
]]></system-out>
  </testcase>
  <testcase name="" classname="| thiago.com | Lyon365 | E-mail inválido. |" time="0.002">
    <system-out><![CDATA[************
Teste executado: Validar mensagem de login invalido
Status: passed
Tag: [@login, @login-invalido]
************
************
Teste executado: Validar mensagem de login invalido
Status: passed
Tag: [@login, @login-invalido]
************
************
Teste executado: Validar mensagem de login invalido
Status: passed
Tag: [@login, @login-invalido]
************
]]></system-out>
  </testcase>
  <testcase name="Dado que estou na página de login" classname="| thiago@teste.com | 365 | Senha inválida. |" time="0">
    <system-out><![CDATA[####################
]]></system-out>
    <system-err><![CDATA[Starting ChromeDriver 115.0.5790.170 (cc0d30c2ca5577520c8646671513241faa0bc105-refs/branch-heads/5790@{#1923}) on port 28567
Only local connections are allowed.
Please see https://chromedriver.chromium.org/security-considerations for suggestions on keeping ChromeDriver safe.
ChromeDriver was started successfully.
[1693405445.932][WARNING]: This version of ChromeDriver has not been tested with Chrome version 116.
ago 30, 2023 11:24:06 AM org.openqa.selenium.remote.ProtocolHandshake createSession
INFORMAÇÕES: Detected dialect: W3C
]]></system-err>
  </testcase>
  <testcase name="Quando preencho o login &quot;thiago@teste.com&quot; e a senha &quot;365&quot;" classname="| thiago@teste.com | 365 | Senha inválida. |" time="0">
    <system-out><![CDATA[Vai preencher o campo: By.id: user
Preencheu o campo: By.id: user
####################
Vai preencher o campo: By.id: password
Preencheu o campo: By.id: password
####################
]]></system-out>
  </testcase>
  <testcase name="E clico no botão de login" classname="| thiago@teste.com | 365 | Senha inválida. |" time="0">
    <system-out><![CDATA[Vai clicar no elemento: By.id: btnLogin
Clicou no elemento: By.id: btnLogin
####################
]]></system-out>
  </testcase>
  <testcase name="Então a aplicacao deve exibir a mensagem &quot;Senha inválida.&quot; na tela" classname="| thiago@teste.com | 365 | Senha inválida. |" time="0">
    <system-out><![CDATA[####################
]]></system-out>
  </testcase>
  <testcase name="" classname="| thiago@teste.com | 365 | Senha inválida. |" time="0.001">
    <system-out><![CDATA[************
Teste executado: Validar mensagem de login invalido
Status: passed
Tag: [@login, @login-invalido]
************
************
Teste executado: Validar mensagem de login invalido
Status: passed
Tag: [@login, @login-invalido]
************
************
Teste executado: Validar mensagem de login invalido
Status: passed
Tag: [@login, @login-invalido]
************
]]></system-out>
  </testcase>
</testsuite>